d:\documents\physics\aiebootstrap-master\temp\00_physics_walkthrough_starter\release\vc140.pdb
d:\documents\physics\aiebootstrap-master\temp\00_physics_walkthrough_starter\release\main.obj
d:\documents\physics\aiebootstrap-master\temp\00_physics_walkthrough_starter\release\physics_walkthrough_app.obj
d:\documents\physics\aiebootstrap-master\temp\00_physics_walkthrough_starter\release\spring.obj
d:\documents\physics\aiebootstrap-master\temp\00_physics_walkthrough_starter\release\camera.obj
d:\documents\physics\aiebootstrap-master\temp\00_physics_walkthrough_starter\release\physicsobject.obj
d:\documents\physics\aiebootstrap-master\temp\00_physics_walkthrough_starter\release\physicsscene.obj
d:\documents\physics\aiebootstrap-master\temp\00_physics_walkthrough_starter\release\physicsrenderer.obj
d:\documents\physics\aiebootstrap-master\temp\00_physics_walkthrough_starter\release\collider.obj
d:\documents\physics\aiebootstrap-master\temp\00_physics_walkthrough_starter\release\spherecollider.obj
d:\documents\physics\aiebootstrap-master\temp\00_physics_walkthrough_starter\release\constraint.obj
d:\documents\physics\aiebootstrap-master\temp\00_physics_walkthrough_starter\release\aabbcollider.obj
d:\documents\physics\aiebootstrap-master\temp\00_physics_walkthrough_starter\release\00_physics_walkthrough_starter.exe
d:\documents\physics\aiebootstrap-master\temp\00_physics_walkthrough_starter\release\00_physics_walkthrough_starter.ipdb
d:\documents\physics\aiebootstrap-master\temp\00_physics_walkthrough_starter\release\00_physics_walkthrough_starter.iobj
d:\documents\physics\aiebootstrap-master\temp\00_physics_walkthrough_starter\release\00_physics_walkthrough_starter.pdb
d:\documents\physics\aiebootstrap-master\temp\00_physics_walkthrough_starter\release\00_physi.369da18d.tlog\cl.command.1.tlog
d:\documents\physics\aiebootstrap-master\temp\00_physics_walkthrough_starter\release\00_physi.369da18d.tlog\cl.read.1.tlog
d:\documents\physics\aiebootstrap-master\temp\00_physics_walkthrough_starter\release\00_physi.369da18d.tlog\cl.write.1.tlog
d:\documents\physics\aiebootstrap-master\temp\00_physics_walkthrough_starter\release\00_physi.369da18d.tlog\link.command.1.tlog
d:\documents\physics\aiebootstrap-master\temp\00_physics_walkthrough_starter\release\00_physi.369da18d.tlog\link.read.1.tlog
d:\documents\physics\aiebootstrap-master\temp\00_physics_walkthrough_starter\release\00_physi.369da18d.tlog\link.write.1.tlog
